2025-10-12 17:58:33 - INFO - 使用默认命令列表
2025-10-12 18:00:32 - INFO - 在分组 default 添加命令: whoami
2025-10-12 18:00:40 - INFO - 启动自动执行器，执行间隔: 60秒
2025-10-12 18:00:40 - INFO - 激活的命令组: ['default']
2025-10-12 18:00:40 - INFO - 
开始第 1 轮命令执行 - 2025-10-12 18:00:40
2025-10-12 18:00:40 - INFO - 开始执行命令: echo "自动执行命令示例"
2025-10-12 18:00:40 - INFO - [输出] ""
2025-10-12 18:00:40 - INFO - 命令执行成功: echo "自动执行命令示例" (耗时: 0.06秒)
2025-10-12 18:00:40 - INFO - 开始执行命令: dir
2025-10-12 18:00:40 - INFO - [输出]  F  
2025-10-12 18:00:40 - INFO - [输出]  A0A4-7793
2025-10-12 18:00:40 - INFO - [输出] F:\AWD\\\test 
2025-10-12 18:00:40 - INFO - [输出] 2025/10/12  17:59    <DIR>          .
2025-10-12 18:00:40 - INFO - [输出] 2025/10/11  21:43    <DIR>          ..
2025-10-12 18:00:40 - INFO - [输出] 2025/10/12  14:59            16,184 AWD.py
2025-10-12 18:00:40 - INFO - [输出] 2025/10/12  12:52               885 cookie.txt
2025-10-12 18:00:40 - INFO - [输出] 2025/10/12  13:48             8,723 GETcookie.py
2025-10-12 18:00:40 - INFO - [输出] 2025/10/12  14:03                89 ip.txt
2025-10-12 18:00:40 - INFO - [输出] 2025/10/12  17:58    <DIR>          logs
2025-10-12 18:00:40 - INFO - [输出] 2025/10/12  14:00             5,296 POSTshell.py
2025-10-12 18:00:40 - INFO - [输出] 2025/10/12  14:03    <DIR>          responses
2025-10-12 18:00:40 - INFO - [输出] 2025/10/12  14:01             8,685 flag.py
2025-10-12 18:00:40 - INFO - [输出] 2025/10/12  14:09             8,756 cookie.py
2025-10-12 18:00:40 - INFO - [输出] 2025/10/12  17:56            38,012 .py
2025-10-12 18:00:40 - INFO - [输出] 2025/10/12  14:09             3,025 .md
2025-10-12 18:00:40 - INFO - [输出] 9          89,655 
2025-10-12 18:00:40 - INFO - [输出] 4  880,007,589,888 
2025-10-12 18:00:40 - INFO - 命令执行成功: dir (耗时: 0.05秒)
2025-10-12 18:00:40 - INFO - 开始执行命令: whoami
2025-10-12 18:00:41 - INFO - [输出] desktop-36pfsfl\yguigen
2025-10-12 18:00:41 - INFO - 命令执行成功: whoami (耗时: 0.34秒)
2025-10-12 18:00:41 - INFO - 
第 1 轮执行统计:
2025-10-12 18:00:41 - INFO -   命令总数: 3
2025-10-12 18:00:41 - INFO -   成功数量: 3
2025-10-12 18:00:41 - INFO -   失败数量: 0
2025-10-12 18:00:41 - INFO -   总耗时: 0.45秒
2025-10-12 18:00:41 - INFO - ====================================

2025-10-12 18:00:49 - INFO - 正在停止自动执行器...
2025-10-12 18:00:50 - INFO - 自动执行器已停止
2025-10-12 18:00:50 - INFO - 自动执行器已停止
2025-10-12 18:03:08 - INFO - 使用默认命令列表
2025-10-12 18:04:32 - INFO - 使用默认命令列表
2025-10-12 18:05:52 - INFO - 使用默认命令列表
2025-10-12 18:06:18 - INFO - 使用默认命令列表
2025-10-12 18:06:31 - ERROR - 程序异常: _safe_print() missing 1 required positional argument: 'text'
Traceback (most recent call last):
  File "F:\AWD\整理版\脚本\test\自动化命令执行器.py", line 919, in main
    _safe_print()
TypeError: _safe_print() missing 1 required positional argument: 'text'
2025-10-12 18:06:37 - INFO - 使用默认命令列表
2025-10-12 18:06:40 - ERROR - 程序异常: _safe_print() missing 1 required positional argument: 'text'
Traceback (most recent call last):
  File "F:\AWD\整理版\脚本\test\自动化命令执行器.py", line 919, in main
    _safe_print()
TypeError: _safe_print() missing 1 required positional argument: 'text'
2025-10-12 18:09:50 - INFO - 使用默认命令列表
